{"name":"checkExchangeRateWithStep()","status":"broken","statusDetails":{"known":false,"muted":false,"flaky":false,"message":"Could not start a new session. Possible causes are invalid address of the remote server or browser start-up failure.\nBuild info: version: '3.141.59', revision: 'e82be7d358', time: '2018-11-14T08:17:03'\nSystem info: host: 'AKILIANA', ip: '172.30.2.137', os.name: 'Windows 10', os.arch: 'amd64', os.version: '10.0', java.version: '13.0.2'\nDriver info: driver.version: RemoteWebDriver","trace":"org.openqa.selenium.remote.UnreachableBrowserException: Could not start a new session. Possible causes are invalid address of the remote server or browser start-up failure.\nBuild info: version: '3.141.59', revision: 'e82be7d358', time: '2018-11-14T08:17:03'\nSystem info: host: 'AKILIANA', ip: '172.30.2.137', os.name: 'Windows 10', os.arch: 'amd64', os.version: '10.0', java.version: '13.0.2'\nDriver info: driver.version: RemoteWebDriver\r\n\tat org.openqa.selenium.remote.RemoteWebDriver.execute(RemoteWebDriver.java:573)\r\n\tat org.openqa.selenium.remote.RemoteWebDriver.startSession(RemoteWebDriver.java:213)\r\n\tat org.openqa.selenium.remote.RemoteWebDriver.<init>(RemoteWebDriver.java:131)\r\n\tat org.openqa.selenium.remote.RemoteWebDriver.<init>(RemoteWebDriver.java:144)\r\n\tat tests.ui.WebDriverSettings.startTestWithDocker(WebDriverSettings.java:35)\r\n\tat java.base/jdk.internal.reflect.NativeMethodAccessorImpl.invoke0(Native Method)\r\n\tat java.base/jdk.internal.reflect.NativeMethodAccessorImpl.invoke(NativeMethodAccessorImpl.java:62)\r\n\tat java.base/jdk.internal.reflect.DelegatingMethodAccessorImpl.invoke(DelegatingMethodAccessorImpl.java:43)\r\n\tat java.base/java.lang.reflect.Method.invoke(Method.java:567)\r\n\tat org.junit.platform.commons.util.ReflectionUtils.invokeMethod(ReflectionUtils.java:686)\r\n\tat org.junit.jupiter.engine.execution.MethodInvocation.proceed(MethodInvocation.java:60)\r\n\tat org.junit.jupiter.engine.execution.InvocationInterceptorChain$ValidatingInvocation.proceed(InvocationInterceptorChain.java:131)\r\n\tat org.junit.jupiter.engine.extension.TimeoutExtension.intercept(TimeoutExtension.java:149)\r\n\tat org.junit.jupiter.engine.extension.TimeoutExtension.interceptLifecycleMethod(TimeoutExtension.java:126)\r\n\tat org.junit.jupiter.engine.extension.TimeoutExtension.interceptBeforeEachMethod(TimeoutExtension.java:76)\r\n\tat org.junit.jupiter.engine.execution.ExecutableInvoker$ReflectiveInterceptorCall.lambda$ofVoidMethod$0(ExecutableInvoker.java:115)\r\n\tat org.junit.jupiter.engine.execution.ExecutableInvoker.lambda$invoke$0(ExecutableInvoker.java:105)\r\n\tat org.junit.jupiter.engine.execution.InvocationInterceptorChain$InterceptedInvocation.proceed(InvocationInterceptorChain.java:106)\r\n\tat org.junit.jupiter.engine.execution.InvocationInterceptorChain.proceed(InvocationInterceptorChain.java:64)\r\n\tat org.junit.jupiter.engine.execution.InvocationInterceptorChain.chainAndInvoke(InvocationInterceptorChain.java:45)\r\n\tat org.junit.jupiter.engine.execution.InvocationInterceptorChain.invoke(InvocationInterceptorChain.java:37)\r\n\tat org.junit.jupiter.engine.execution.ExecutableInvoker.invoke(ExecutableInvoker.java:104)\r\n\tat org.junit.jupiter.engine.execution.ExecutableInvoker.invoke(ExecutableInvoker.java:98)\r\n\tat org.junit.jupiter.engine.descriptor.ClassBasedTestDescriptor.invokeMethodInExtensionContext(ClassBasedTestDescriptor.java:481)\r\n\tat org.junit.jupiter.engine.descriptor.ClassBasedTestDescriptor.lambda$synthesizeBeforeEachMethodAdapter$18(ClassBasedTestDescriptor.java:466)\r\n\tat org.junit.jupiter.engine.descriptor.TestMethodTestDescriptor.lambda$invokeBeforeEachMethods$2(TestMethodTestDescriptor.java:169)\r\n\tat org.junit.jupiter.engine.descriptor.TestMethodTestDescriptor.lambda$invokeBeforeMethodsOrCallbacksUntilExceptionOccurs$5(TestMethodTestDescriptor.java:197)\r\n\tat org.junit.platform.engine.support.hierarchical.ThrowableCollector.execute(ThrowableCollector.java:73)\r\n\tat org.junit.jupiter.engine.descriptor.TestMethodTestDescriptor.invokeBeforeMethodsOrCallbacksUntilExceptionOccurs(TestMethodTestDescriptor.java:197)\r\n\tat org.junit.jupiter.engine.descriptor.TestMethodTestDescriptor.invokeBeforeEachMethods(TestMethodTestDescriptor.java:166)\r\n\tat org.junit.jupiter.engine.descriptor.TestMethodTestDescriptor.execute(TestMethodTestDescriptor.java:133)\r\n\tat org.junit.jupiter.engine.descriptor.TestMethodTestDescriptor.execute(TestMethodTestDescriptor.java:71)\r\n\tat org.junit.platform.engine.support.hierarchical.NodeTestTask.lambda$executeRecursively$5(NodeTestTask.java:135)\r\n\tat org.junit.platform.engine.support.hierarchical.ThrowableCollector.execute(ThrowableCollector.java:73)\r\n\tat org.junit.platform.engine.support.hierarchical.NodeTestTask.lambda$executeRecursively$7(NodeTestTask.java:125)\r\n\tat org.junit.platform.engine.support.hierarchical.Node.around(Node.java:135)\r\n\tat org.junit.platform.engine.support.hierarchical.NodeTestTask.lambda$executeRecursively$8(NodeTestTask.java:123)\r\n\tat org.junit.platform.engine.support.hierarchical.ThrowableCollector.execute(ThrowableCollector.java:73)\r\n\tat org.junit.platform.engine.support.hierarchical.NodeTestTask.executeRecursively(NodeTestTask.java:122)\r\n\tat org.junit.platform.engine.support.hierarchical.NodeTestTask.execute(NodeTestTask.java:80)\r\n\tat java.base/java.util.ArrayList.forEach(ArrayList.java:1507)\r\n\tat org.junit.platform.engine.support.hierarchical.SameThreadHierarchicalTestExecutorService.invokeAll(SameThreadHierarchicalTestExecutorService.java:38)\r\n\tat org.junit.platform.engine.support.hierarchical.NodeTestTask.lambda$executeRecursively$5(NodeTestTask.java:139)\r\n\tat org.junit.platform.engine.support.hierarchical.ThrowableCollector.execute(ThrowableCollector.java:73)\r\n\tat org.junit.platform.engine.support.hierarchical.NodeTestTask.lambda$executeRecursively$7(NodeTestTask.java:125)\r\n\tat org.junit.platform.engine.support.hierarchical.Node.around(Node.java:135)\r\n\tat org.junit.platform.engine.support.hierarchical.NodeTestTask.lambda$executeRecursively$8(NodeTestTask.java:123)\r\n\tat org.junit.platform.engine.support.hierarchical.ThrowableCollector.execute(ThrowableCollector.java:73)\r\n\tat org.junit.platform.engine.support.hierarchical.NodeTestTask.executeRecursively(NodeTestTask.java:122)\r\n\tat org.junit.platform.engine.support.hierarchical.NodeTestTask.execute(NodeTestTask.java:80)\r\n\tat java.base/java.util.ArrayList.forEach(ArrayList.java:1507)\r\n\tat org.junit.platform.engine.support.hierarchical.SameThreadHierarchicalTestExecutorService.invokeAll(SameThreadHierarchicalTestExecutorService.java:38)\r\n\tat org.junit.platform.engine.support.hierarchical.NodeTestTask.lambda$executeRecursively$5(NodeTestTask.java:139)\r\n\tat org.junit.platform.engine.support.hierarchical.ThrowableCollector.execute(ThrowableCollector.java:73)\r\n\tat org.junit.platform.engine.support.hierarchical.NodeTestTask.lambda$executeRecursively$7(NodeTestTask.java:125)\r\n\tat org.junit.platform.engine.support.hierarchical.Node.around(Node.java:135)\r\n\tat org.junit.platform.engine.support.hierarchical.NodeTestTask.lambda$executeRecursively$8(NodeTestTask.java:123)\r\n\tat org.junit.platform.engine.support.hierarchical.ThrowableCollector.execute(ThrowableCollector.java:73)\r\n\tat org.junit.platform.engine.support.hierarchical.NodeTestTask.executeRecursively(NodeTestTask.java:122)\r\n\tat org.junit.platform.engine.support.hierarchical.NodeTestTask.execute(NodeTestTask.java:80)\r\n\tat org.junit.platform.engine.support.hierarchical.SameThreadHierarchicalTestExecutorService.submit(SameThreadHierarchicalTestExecutorService.java:32)\r\n\tat org.junit.platform.engine.support.hierarchical.HierarchicalTestExecutor.execute(HierarchicalTestExecutor.java:57)\r\n\tat org.junit.platform.engine.support.hierarchical.HierarchicalTestEngine.execute(HierarchicalTestEngine.java:51)\r\n\tat org.junit.platform.launcher.core.DefaultLauncher.execute(DefaultLauncher.java:248)\r\n\tat org.junit.platform.launcher.core.DefaultLauncher.lambda$execute$5(DefaultLauncher.java:211)\r\n\tat org.junit.platform.launcher.core.DefaultLauncher.withInterceptedStreams(DefaultLauncher.java:226)\r\n\tat org.junit.platform.launcher.core.DefaultLauncher.execute(DefaultLauncher.java:199)\r\n\tat org.junit.platform.launcher.core.DefaultLauncher.execute(DefaultLauncher.java:132)\r\n\tat com.intellij.junit5.JUnit5IdeaTestRunner.startRunnerWithArgs(JUnit5IdeaTestRunner.java:69)\r\n\tat com.intellij.rt.junit.IdeaTestRunner$Repeater.startRunnerWithArgs(IdeaTestRunner.java:33)\r\n\tat com.intellij.rt.junit.JUnitStarter.prepareStreamsAndStart(JUnitStarter.java:230)\r\n\tat com.intellij.rt.junit.JUnitStarter.main(JUnitStarter.java:58)\r\nCaused by: java.net.ConnectException: Failed to connect to /127.0.0.1:4444\r\n\tat okhttp3.internal.connection.RealConnection.connectSocket(RealConnection.java:247)\r\n\tat okhttp3.internal.connection.RealConnection.connect(RealConnection.java:165)\r\n\tat okhttp3.internal.connection.StreamAllocation.findConnection(StreamAllocation.java:257)\r\n\tat okhttp3.internal.connection.StreamAllocation.findHealthyConnection(StreamAllocation.java:135)\r\n\tat okhttp3.internal.connection.StreamAllocation.newStream(StreamAllocation.java:114)\r\n\tat okhttp3.internal.connection.ConnectInterceptor.intercept(ConnectInterceptor.java:42)\r\n\tat okhttp3.internal.http.RealInterceptorChain.proceed(RealInterceptorChain.java:147)\r\n\tat okhttp3.internal.http.RealInterceptorChain.proceed(RealInterceptorChain.java:121)\r\n\tat okhttp3.internal.cache.CacheInterceptor.intercept(CacheInterceptor.java:93)\r\n\tat okhttp3.internal.http.RealInterceptorChain.proceed(RealInterceptorChain.java:147)\r\n\tat okhttp3.internal.http.RealInterceptorChain.proceed(RealInterceptorChain.java:121)\r\n\tat okhttp3.internal.http.BridgeInterceptor.intercept(BridgeInterceptor.java:93)\r\n\tat okhttp3.internal.http.RealInterceptorChain.proceed(RealInterceptorChain.java:147)\r\n\tat okhttp3.internal.http.RetryAndFollowUpInterceptor.intercept(RetryAndFollowUpInterceptor.java:126)\r\n\tat okhttp3.internal.http.RealInterceptorChain.proceed(RealInterceptorChain.java:147)\r\n\tat okhttp3.internal.http.RealInterceptorChain.proceed(RealInterceptorChain.java:121)\r\n\tat okhttp3.RealCall.getResponseWithInterceptorChain(RealCall.java:200)\r\n\tat okhttp3.RealCall.execute(RealCall.java:77)\r\n\tat org.openqa.selenium.remote.internal.OkHttpClient.execute(OkHttpClient.java:103)\r\n\tat org.openqa.selenium.remote.ProtocolHandshake.createSession(ProtocolHandshake.java:105)\r\n\tat org.openqa.selenium.remote.ProtocolHandshake.createSession(ProtocolHandshake.java:74)\r\n\tat org.openqa.selenium.remote.HttpCommandExecutor.execute(HttpCommandExecutor.java:136)\r\n\tat org.openqa.selenium.remote.RemoteWebDriver.execute(RemoteWebDriver.java:552)\r\n\t... 71 more\r\nCaused by: java.net.ConnectException: Connection refused: no further information\r\n\tat java.base/sun.nio.ch.Net.pollConnect(Native Method)\r\n\tat java.base/sun.nio.ch.Net.pollConnectNow(Net.java:579)\r\n\tat java.base/sun.nio.ch.NioSocketImpl.timedFinishConnect(NioSocketImpl.java:549)\r\n\tat java.base/sun.nio.ch.NioSocketImpl.connect(NioSocketImpl.java:597)\r\n\tat java.base/java.net.SocksSocketImpl.connect(SocksSocketImpl.java:339)\r\n\tat java.base/java.net.Socket.connect(Socket.java:603)\r\n\tat okhttp3.internal.platform.Platform.connectSocket(Platform.java:129)\r\n\tat okhttp3.internal.connection.RealConnection.connectSocket(RealConnection.java:245)\r\n\t... 93 more\r\n"},"stage":"finished","description":"Тест открытия","steps":[],"attachments":[],"parameters":[],"start":1586585964439,"stop":1586585968175,"uuid":"1b6502bc-d2d0-4f28-b958-513382cbd3c8","historyId":"c33e5b3baae633607f26bb6b8fb33227","fullName":"tests.ui.ru.open.Tests.checkExchangeRateWithStep","labels":[{"name":"host","value":"akiliana"},{"name":"thread","value":"2284@akiliana.main(1)"},{"name":"framework","value":"junit-platform"},{"name":"language","value":"java"},{"name":"package","value":"tests.ui.ru.open.Tests"},{"name":"testClass","value":"tests.ui.ru.open.Tests"},{"name":"testMethod","value":"checkExchangeRateWithStep"},{"name":"suite","value":"tests.ui.ru.open.Tests"}],"links":[]}